<?xml version="1.0" encoding="UTF-8"?>
<coverage generated="1733812262475" clover="3.2.0">
  <project timestamp="1733812262476" name="All files">
    <metrics statements="35" coveredstatements="30" conditionals="4" coveredconditionals="2" methods="3" coveredmethods="0" elements="42" coveredelements="32" complexity="0" loc="35" ncloc="35" packages="2" files="4" classes="4"/>
    <package name="bulletin-board-app">
      <metrics statements="27" coveredstatements="25" conditionals="4" coveredconditionals="2" methods="0" coveredmethods="0"/>
      <file name="server.js" path="C:\Users\Pavel\Documents\GitHub\itm350-pavelwebdeveloper-bb\bulletin-board-app\server.js">
        <metrics statements="27" coveredstatements="25" conditionals="4" coveredconditionals="2" methods="0" coveredmethods="0"/>
        <line num="1" count="3" type="stmt"/>
        <line num="2" count="3" type="stmt"/>
        <line num="3" count="3" type="stmt"/>
        <line num="4" count="3" type="stmt"/>
        <line num="5" count="3" type="stmt"/>
        <line num="6" count="3" type="stmt"/>
        <line num="7" count="3" type="stmt"/>
        <line num="9" count="3" type="stmt"/>
        <line num="11" count="3" type="stmt"/>
        <line num="12" count="3" type="stmt"/>
        <line num="13" count="3" type="stmt"/>
        <line num="14" count="3" type="stmt"/>
        <line num="15" count="3" type="stmt"/>
        <line num="16" count="3" type="stmt"/>
        <line num="17" count="3" type="stmt"/>
        <line num="18" count="3" type="stmt"/>
        <line num="20" count="3" type="stmt"/>
        <line num="21" count="3" type="cond" truecount="1" falsecount="1"/>
        <line num="22" count="0" type="stmt"/>
        <line num="28" count="3" type="cond" truecount="1" falsecount="1"/>
        <line num="29" count="0" type="stmt"/>
        <line num="32" count="3" type="stmt"/>
        <line num="33" count="3" type="stmt"/>
        <line num="34" count="3" type="stmt"/>
        <line num="35" count="3" type="stmt"/>
        <line num="37" count="3" type="stmt"/>
        <line num="38" count="3" type="stmt"/>
      </file>
    </package>
    <package name="bulletin-board-app.backend">
      <metrics statements="8" coveredstatements="5" conditionals="0" coveredconditionals="0" methods="3" coveredmethods="0"/>
      <file name="api.js" path="C:\Users\Pavel\Documents\GitHub\itm350-pavelwebdeveloper-bb\bulletin-board-app\backend\api.js">
        <metrics statements="5" coveredstatements="3" conditionals="0" coveredconditionals="0" methods="2" coveredmethods="0"/>
        <line num="1" count="3" type="stmt"/>
        <line num="3" count="3" type="stmt"/>
        <line num="4" count="0" type="stmt"/>
        <line num="7" count="3" type="stmt"/>
        <line num="8" count="0" type="stmt"/>
      </file>
      <file name="events.js" path="C:\Users\Pavel\Documents\GitHub\itm350-pavelwebdeveloper-bb\bulletin-board-app\backend\events.js">
        <metrics statements="1" coveredstatements="1" conditionals="0" coveredconditionals="0" methods="0" coveredmethods="0"/>
        <line num="1" count="8" type="stmt"/>
      </file>
      <file name="index.js" path="C:\Users\Pavel\Documents\GitHub\itm350-pavelwebdeveloper-bb\bulletin-board-app\backend\index.js">
        <metrics statements="2" coveredstatements="1" conditionals="0" coveredconditionals="0" methods="1" coveredmethods="0"/>
        <line num="1" count="4" type="stmt"/>
        <line num="2" count="0" type="stmt"/>
      </file>
    </package>
  </project>
</coverage>
