{"C:\\Users\\Pavel\\Documents\\GitHub\\itm350-pavelwebdeveloper-bb\\bulletin-board-app\\server.js": {"path":"C:\\Users\\Pavel\\Documents\\GitHub\\itm350-pavelwebdeveloper-bb\\bulletin-board-app\\server.js","statementMap":{"0":{"start":{"line":1,"column":21},"end":{"line":1,"column":39}},"1":{"start":{"line":2,"column":21},"end":{"line":2,"column":43}},"2":{"start":{"line":3,"column":21},"end":{"line":3,"column":47}},"3":{"start":{"line":4,"column":21},"end":{"line":4,"column":44}},"4":{"start":{"line":5,"column":21},"end":{"line":5,"column":38}},"5":{"start":{"line":6,"column":21},"end":{"line":6,"column":41}},"6":{"start":{"line":7,"column":21},"end":{"line":7,"column":45}},"7":{"start":{"line":9,"column":10},"end":{"line":9,"column":36}},"8":{"start":{"line":11,"column":0},"end":{"line":11,"column":46}},"9":{"start":{"line":12,"column":0},"end":{"line":12,"column":31}},"10":{"start":{"line":13,"column":0},"end":{"line":13,"column":23}},"11":{"start":{"line":14,"column":0},"end":{"line":14,"column":52}},"12":{"start":{"line":15,"column":0},"end":{"line":15,"column":27}},"13":{"start":{"line":16,"column":0},"end":{"line":16,"column":26}},"14":{"start":{"line":17,"column":0},"end":{"line":17,"column":41}},"15":{"start":{"line":18,"column":0},"end":{"line":18,"column":44}},"16":{"start":{"line":20,"column":10},"end":{"line":20,"column":30}},"17":{"start":{"line":21,"column":0},"end":{"line":26,"column":1}},"18":{"start":{"line":22,"column":2},"end":{"line":25,"column":6}},"19":{"start":{"line":28,"column":0},"end":{"line":30,"column":1}},"20":{"start":{"line":29,"column":2},"end":{"line":29,"column":26}},"21":{"start":{"line":32,"column":0},"end":{"line":32,"column":27}},"22":{"start":{"line":33,"column":0},"end":{"line":33,"column":35}},"23":{"start":{"line":34,"column":0},"end":{"line":34,"column":35}},"24":{"start":{"line":35,"column":0},"end":{"line":35,"column":46}},"25":{"start":{"line":37,"column":0},"end":{"line":37,"column":17}},"26":{"start":{"line":38,"column":0},"end":{"line":38,"column":45}}},"fnMap":{},"branchMap":{"0":{"loc":{"start":{"line":21,"column":0},"end":{"line":26,"column":1}},"type":"if","locations":[{"start":{"line":21,"column":0},"end":{"line":26,"column":1}},{"start":{},"end":{}}],"line":21},"1":{"loc":{"start":{"line":28,"column":0},"end":{"line":30,"column":1}},"type":"if","locations":[{"start":{"line":28,"column":0},"end":{"line":30,"column":1}},{"start":{},"end":{}}],"line":28}},"s":{"0":3,"1":3,"2":3,"3":3,"4":3,"5":3,"6":3,"7":3,"8":3,"9":3,"10":3,"11":3,"12":3,"13":3,"14":3,"15":3,"16":3,"17":3,"18":0,"19":3,"20":0,"21":3,"22":3,"23":3,"24":3,"25":3,"26":3},"f":{},"b":{"0":[0,3],"1":[0,3]},"_coverageSchema":"1a1c01bbd47fc00a2c39e90264f33305004495a9","hash":"af4371045caeffcdac443fdf3c2881ee0f318ef0"}
,"C:\\Users\\Pavel\\Documents\\GitHub\\itm350-pavelwebdeveloper-bb\\bulletin-board-app\\backend\\api.js": {"path":"C:\\Users\\Pavel\\Documents\\GitHub\\itm350-pavelwebdeveloper-bb\\bulletin-board-app\\backend\\api.js","statementMap":{"0":{"start":{"line":1,"column":13},"end":{"line":1,"column":35}},"1":{"start":{"line":3,"column":0},"end":{"line":5,"column":2}},"2":{"start":{"line":4,"column":2},"end":{"line":4,"column":19}},"3":{"start":{"line":7,"column":0},"end":{"line":9,"column":2}},"4":{"start":{"line":8,"column":2},"end":{"line":8,"column":38}}},"fnMap":{"0":{"name":"(anonymous_0)","decl":{"start":{"line":3,"column":17},"end":{"line":3,"column":18}},"loc":{"start":{"line":3,"column":37},"end":{"line":5,"column":1}},"line":3},"1":{"name":"(anonymous_1)","decl":{"start":{"line":7,"column":16},"end":{"line":7,"column":17}},"loc":{"start":{"line":7,"column":36},"end":{"line":9,"column":1}},"line":7}},"branchMap":{},"s":{"0":3,"1":3,"2":0,"3":3,"4":0},"f":{"0":0,"1":0},"b":{},"_coverageSchema":"1a1c01bbd47fc00a2c39e90264f33305004495a9","hash":"b6db020e675aa32120e9b8d982e318df7322ce07"}
,"C:\\Users\\Pavel\\Documents\\GitHub\\itm350-pavelwebdeveloper-bb\\bulletin-board-app\\backend\\events.js": {"path":"C:\\Users\\Pavel\\Documents\\GitHub\\itm350-pavelwebdeveloper-bb\\bulletin-board-app\\backend\\events.js","statementMap":{"0":{"start":{"line":1,"column":0},"end":{"line":19,"column":4}}},"fnMap":{},"branchMap":{},"s":{"0":8},"f":{},"b":{},"_coverageSchema":"1a1c01bbd47fc00a2c39e90264f33305004495a9","hash":"c7f011e4fdf69ae11d4868537e9ad8035d1273ee"}
,"C:\\Users\\Pavel\\Documents\\GitHub\\itm350-pavelwebdeveloper-bb\\bulletin-board-app\\backend\\index.js": {"path":"C:\\Users\\Pavel\\Documents\\GitHub\\itm350-pavelwebdeveloper-bb\\bulletin-board-app\\backend\\index.js","statementMap":{"0":{"start":{"line":1,"column":0},"end":{"line":3,"column":1}},"1":{"start":{"line":2,"column":2},"end":{"line":2,"column":22}}},"fnMap":{"0":{"name":"(anonymous_0)","decl":{"start":{"line":1,"column":16},"end":{"line":1,"column":17}},"loc":{"start":{"line":1,"column":36},"end":{"line":3,"column":1}},"line":1}},"branchMap":{},"s":{"0":4,"1":0},"f":{"0":0},"b":{},"_coverageSchema":"1a1c01bbd47fc00a2c39e90264f33305004495a9","hash":"9610930f9c1472d3c3d7a9d51fdf271fab1cd46e"}
}
