{"C:\\Users\\Pavel\\Documents\\GitHub\\itm350-pavelwebdeveloper-bb\\bulletin-board-app\\testServer.js": {"path":"C:\\Users\\Pavel\\Documents\\GitHub\\itm350-pavelwebdeveloper-bb\\bulletin-board-app\\testServer.js","statementMap":{"0":{"start":{"line":3,"column":21},"end":{"line":3,"column":39}},"1":{"start":{"line":4,"column":21},"end":{"line":4,"column":43}},"2":{"start":{"line":5,"column":21},"end":{"line":5,"column":47}},"3":{"start":{"line":6,"column":21},"end":{"line":6,"column":44}},"4":{"start":{"line":7,"column":21},"end":{"line":7,"column":38}},"5":{"start":{"line":8,"column":21},"end":{"line":8,"column":41}},"6":{"start":{"line":9,"column":21},"end":{"line":9,"column":45}},"7":{"start":{"line":11,"column":10},"end":{"line":11,"column":36}},"8":{"start":{"line":13,"column":0},"end":{"line":13,"column":46}},"9":{"start":{"line":14,"column":0},"end":{"line":14,"column":31}},"10":{"start":{"line":15,"column":0},"end":{"line":15,"column":23}},"11":{"start":{"line":16,"column":0},"end":{"line":16,"column":52}},"12":{"start":{"line":17,"column":0},"end":{"line":17,"column":27}},"13":{"start":{"line":18,"column":0},"end":{"line":18,"column":26}},"14":{"start":{"line":19,"column":0},"end":{"line":19,"column":41}},"15":{"start":{"line":20,"column":0},"end":{"line":20,"column":44}},"16":{"start":{"line":22,"column":10},"end":{"line":22,"column":30}},"17":{"start":{"line":23,"column":0},"end":{"line":28,"column":1}},"18":{"start":{"line":24,"column":2},"end":{"line":27,"column":6}},"19":{"start":{"line":30,"column":0},"end":{"line":32,"column":1}},"20":{"start":{"line":31,"column":2},"end":{"line":31,"column":26}},"21":{"start":{"line":34,"column":0},"end":{"line":34,"column":27}},"22":{"start":{"line":35,"column":0},"end":{"line":35,"column":35}},"23":{"start":{"line":36,"column":0},"end":{"line":36,"column":35}},"24":{"start":{"line":37,"column":0},"end":{"line":37,"column":46}}},"fnMap":{},"branchMap":{"0":{"loc":{"start":{"line":23,"column":0},"end":{"line":28,"column":1}},"type":"if","locations":[{"start":{"line":23,"column":0},"end":{"line":28,"column":1}},{"start":{},"end":{}}],"line":23},"1":{"loc":{"start":{"line":30,"column":0},"end":{"line":32,"column":1}},"type":"if","locations":[{"start":{"line":30,"column":0},"end":{"line":32,"column":1}},{"start":{},"end":{}}],"line":30}},"s":{"0":1,"1":1,"2":1,"3":1,"4":1,"5":1,"6":1,"7":1,"8":1,"9":1,"10":1,"11":1,"12":1,"13":1,"14":1,"15":1,"16":1,"17":1,"18":0,"19":1,"20":0,"21":1,"22":1,"23":1,"24":1},"f":{},"b":{"0":[0,1],"1":[0,1]},"_coverageSchema":"1a1c01bbd47fc00a2c39e90264f33305004495a9","hash":"2f1509331d3b8aefae61c0a3cdd2e241d2b7ee0f"}
,"C:\\Users\\Pavel\\Documents\\GitHub\\itm350-pavelwebdeveloper-bb\\bulletin-board-app\\backend\\api.js": {"path":"C:\\Users\\Pavel\\Documents\\GitHub\\itm350-pavelwebdeveloper-bb\\bulletin-board-app\\backend\\api.js","statementMap":{"0":{"start":{"line":1,"column":20},"end":{"line":1,"column":48}},"1":{"start":{"line":2,"column":22},"end":{"line":2,"column":48}},"2":{"start":{"line":4,"column":74},"end":{"line":4,"column":90}},"3":{"start":{"line":6,"column":0},"end":{"line":31,"column":2}},"4":{"start":{"line":7,"column":11},"end":{"line":7,"column":23}},"5":{"start":{"line":8,"column":2},"end":{"line":30,"column":3}},"6":{"start":{"line":9,"column":4},"end":{"line":9,"column":41}},"7":{"start":{"line":10,"column":4},"end":{"line":18,"column":8}},"8":{"start":{"line":12,"column":12},"end":{"line":12,"column":32}},"9":{"start":{"line":15,"column":12},"end":{"line":15,"column":31}},"10":{"start":{"line":16,"column":12},"end":{"line":16,"column":28}},"11":{"start":{"line":21,"column":6},"end":{"line":29,"column":8}},"12":{"start":{"line":23,"column":12},"end":{"line":23,"column":33}},"13":{"start":{"line":26,"column":12},"end":{"line":26,"column":31}},"14":{"start":{"line":27,"column":12},"end":{"line":27,"column":28}},"15":{"start":{"line":33,"column":0},"end":{"line":67,"column":4}},"16":{"start":{"line":34,"column":13},"end":{"line":34,"column":21}},"17":{"start":{"line":35,"column":11},"end":{"line":35,"column":29}},"18":{"start":{"line":36,"column":2},"end":{"line":66,"column":3}},"19":{"start":{"line":38,"column":4},"end":{"line":38,"column":44}},"20":{"start":{"line":39,"column":8},"end":{"line":47,"column":10}},"21":{"start":{"line":41,"column":16},"end":{"line":41,"column":31}},"22":{"start":{"line":44,"column":16},"end":{"line":44,"column":53}},"23":{"start":{"line":45,"column":16},"end":{"line":45,"column":32}},"24":{"start":{"line":48,"column":10},"end":{"line":66,"column":3}},"25":{"start":{"line":49,"column":4},"end":{"line":49,"column":25}},"26":{"start":{"line":51,"column":17},"end":{"line":54,"column":5}},"27":{"start":{"line":56,"column":8},"end":{"line":56,"column":37}},"28":{"start":{"line":57,"column":8},"end":{"line":65,"column":10}},"29":{"start":{"line":59,"column":16},"end":{"line":59,"column":31}},"30":{"start":{"line":62,"column":16},"end":{"line":62,"column":50}},"31":{"start":{"line":63,"column":16},"end":{"line":63,"column":32}}},"fnMap":{"0":{"name":"(anonymous_0)","decl":{"start":{"line":6,"column":17},"end":{"line":6,"column":18}},"loc":{"start":{"line":6,"column":37},"end":{"line":31,"column":1}},"line":6},"1":{"name":"(anonymous_1)","decl":{"start":{"line":11,"column":8},"end":{"line":11,"column":9}},"loc":{"start":{"line":11,"column":18},"end":{"line":13,"column":9}},"line":11},"2":{"name":"(anonymous_2)","decl":{"start":{"line":14,"column":8},"end":{"line":14,"column":9}},"loc":{"start":{"line":14,"column":19},"end":{"line":17,"column":9}},"line":14},"3":{"name":"(anonymous_3)","decl":{"start":{"line":22,"column":8},"end":{"line":22,"column":9}},"loc":{"start":{"line":22,"column":18},"end":{"line":24,"column":9}},"line":22},"4":{"name":"(anonymous_4)","decl":{"start":{"line":25,"column":8},"end":{"line":25,"column":9}},"loc":{"start":{"line":25,"column":19},"end":{"line":28,"column":9}},"line":25},"5":{"name":"(anonymous_5)","decl":{"start":{"line":33,"column":16},"end":{"line":33,"column":17}},"loc":{"start":{"line":33,"column":36},"end":{"line":67,"column":3}},"line":33},"6":{"name":"(anonymous_6)","decl":{"start":{"line":40,"column":12},"end":{"line":40,"column":13}},"loc":{"start":{"line":40,"column":22},"end":{"line":42,"column":13}},"line":40},"7":{"name":"(anonymous_7)","decl":{"start":{"line":43,"column":12},"end":{"line":43,"column":13}},"loc":{"start":{"line":43,"column":23},"end":{"line":46,"column":13}},"line":43},"8":{"name":"(anonymous_8)","decl":{"start":{"line":58,"column":12},"end":{"line":58,"column":13}},"loc":{"start":{"line":58,"column":22},"end":{"line":60,"column":13}},"line":58},"9":{"name":"(anonymous_9)","decl":{"start":{"line":61,"column":12},"end":{"line":61,"column":13}},"loc":{"start":{"line":61,"column":23},"end":{"line":64,"column":13}},"line":61}},"branchMap":{"0":{"loc":{"start":{"line":8,"column":2},"end":{"line":30,"column":3}},"type":"if","locations":[{"start":{"line":8,"column":2},"end":{"line":30,"column":3}},{"start":{"line":19,"column":9},"end":{"line":30,"column":3}}],"line":8},"1":{"loc":{"start":{"line":36,"column":2},"end":{"line":66,"column":3}},"type":"if","locations":[{"start":{"line":36,"column":2},"end":{"line":66,"column":3}},{"start":{"line":48,"column":10},"end":{"line":66,"column":3}}],"line":36},"2":{"loc":{"start":{"line":36,"column":6},"end":{"line":36,"column":60}},"type":"binary-expr","locations":[{"start":{"line":36,"column":6},"end":{"line":36,"column":8}},{"start":{"line":36,"column":12},"end":{"line":36,"column":60}}],"line":36},"3":{"loc":{"start":{"line":48,"column":10},"end":{"line":66,"column":3}},"type":"if","locations":[{"start":{"line":48,"column":10},"end":{"line":66,"column":3}},{"start":{},"end":{}}],"line":48},"4":{"loc":{"start":{"line":48,"column":14},"end":{"line":48,"column":81}},"type":"binary-expr","locations":[{"start":{"line":48,"column":14},"end":{"line":48,"column":60}},{"start":{"line":48,"column":64},"end":{"line":48,"column":81}}],"line":48}},"s":{"0":1,"1":1,"2":1,"3":1,"4":0,"5":0,"6":0,"7":0,"8":0,"9":0,"10":0,"11":0,"12":0,"13":0,"14":0,"15":1,"16":0,"17":0,"18":0,"19":0,"20":0,"21":0,"22":0,"23":0,"24":0,"25":0,"26":0,"27":0,"28":0,"29":0,"30":0,"31":0},"f":{"0":0,"1":0,"2":0,"3":0,"4":0,"5":0,"6":0,"7":0,"8":0,"9":0},"b":{"0":[0,0],"1":[0,0],"2":[0,0],"3":[0,0],"4":[0,0]},"_coverageSchema":"1a1c01bbd47fc00a2c39e90264f33305004495a9","hash":"bfab39323f52ed7a39c3a1ed2738d3da6700230f"}
,"C:\\Users\\Pavel\\Documents\\GitHub\\itm350-pavelwebdeveloper-bb\\bulletin-board-app\\backend\\aws.js": {"path":"C:\\Users\\Pavel\\Documents\\GitHub\\itm350-pavelwebdeveloper-bb\\bulletin-board-app\\backend\\aws.js","statementMap":{"0":{"start":{"line":1,"column":27},"end":{"line":1,"column":62}},"1":{"start":{"line":2,"column":88},"end":{"line":2,"column":120}},"2":{"start":{"line":5,"column":15},"end":{"line":5,"column":56}},"3":{"start":{"line":6,"column":18},"end":{"line":6,"column":53}},"4":{"start":{"line":7,"column":20},"end":{"line":9,"column":4}},"5":{"start":{"line":11,"column":19},"end":{"line":11,"column":72}},"6":{"start":{"line":13,"column":14},"end":{"line":16,"column":3}},"7":{"start":{"line":17,"column":24},"end":{"line":17,"column":48}},"8":{"start":{"line":19,"column":21},"end":{"line":26,"column":4}},"9":{"start":{"line":28,"column":1},"end":{"line":28,"column":84}}},"fnMap":{},"branchMap":{},"s":{"0":1,"1":1,"2":1,"3":1,"4":1,"5":1,"6":1,"7":1,"8":1,"9":1},"f":{},"b":{},"_coverageSchema":"1a1c01bbd47fc00a2c39e90264f33305004495a9","hash":"b1c134007b8c25b67f5e3fbd889530c771fe0ff4"}
,"C:\\Users\\Pavel\\Documents\\GitHub\\itm350-pavelwebdeveloper-bb\\bulletin-board-app\\backend\\events.js": {"path":"C:\\Users\\Pavel\\Documents\\GitHub\\itm350-pavelwebdeveloper-bb\\bulletin-board-app\\backend\\events.js","statementMap":{"0":{"start":{"line":1,"column":0},"end":{"line":19,"column":4}}},"fnMap":{},"branchMap":{},"s":{"0":5},"f":{},"b":{},"_coverageSchema":"1a1c01bbd47fc00a2c39e90264f33305004495a9","hash":"c7f011e4fdf69ae11d4868537e9ad8035d1273ee"}
,"C:\\Users\\Pavel\\Documents\\GitHub\\itm350-pavelwebdeveloper-bb\\bulletin-board-app\\backend\\index.js": {"path":"C:\\Users\\Pavel\\Documents\\GitHub\\itm350-pavelwebdeveloper-bb\\bulletin-board-app\\backend\\index.js","statementMap":{"0":{"start":{"line":1,"column":0},"end":{"line":3,"column":1}},"1":{"start":{"line":2,"column":2},"end":{"line":2,"column":22}}},"fnMap":{"0":{"name":"(anonymous_0)","decl":{"start":{"line":1,"column":16},"end":{"line":1,"column":17}},"loc":{"start":{"line":1,"column":36},"end":{"line":3,"column":1}},"line":1}},"branchMap":{},"s":{"0":2,"1":0},"f":{"0":0},"b":{},"_coverageSchema":"1a1c01bbd47fc00a2c39e90264f33305004495a9","hash":"9610930f9c1472d3c3d7a9d51fdf271fab1cd46e"}
}
